BÀI: [Student1][SumOfAB].cpp
Đã đọc được bài nộp. Đang biên soạn...
Biên soạn thành công
Đang kiểm tra...

------------------------------------
sumofab :: Test 0
------------------------------------
Đầu vào:
1 1

Đầu ra chương trình:
2

Đầu ra chính xác:
2

Exit code 0 :: 0.03645586967468262 seconds
Đầu ra chương trình giống đầu ra dự kiến

------------------------------------
sumofab :: Test 1
------------------------------------
Đầu vào:
3 3

Đầu ra chương trình:
6

Đầu ra chính xác:
6

Exit code 0 :: 0.03454732894897461 seconds
Đầu ra chương trình giống đầu ra dự kiến

Điểm TỔNG: 10.0