      ::::    :::     :::     :::    ::: ::::::::::: ::::::::::: :::       :::    :::  ::::::::      :::     :::    ::: 
     :+:+:   :+:   :+: :+:   :+:    :+:     :+:         :+:     :+:       :+:    :+: :+:    :+:    :+:      :+:   :+:   
    :+:+:+  +:+  +:+   +:+  +:+    +:+     +:+         +:+     +:+       +:+    +:+ +:+          +:+ +:+   +:+  +:+     
   +#+ +:+ +#+ +#++:++#++: +#+    +:+     +#+         +#+     +#+       +#+    +:+ +#++:++#++  +#+  +:+   +#++:++       
  +#+  +#+#+# +#+     +#+ +#+    +#+     +#+         +#+     +#+       +#+    +#+        +#+ +#+#+#+#+#+ +#+  +#+       
 #+#   #+#+# #+#     #+# #+#    #+#     #+#         #+#     #+#       #+#    #+# #+#    #+#       #+#   #+#   #+#       
###    #### ###     ###  ########      ###     ########### ########## ########   ########        ###   ###    ###   

Made with Pylons/wairess. Put together by Nautilus4K with love 💖.



------------------------------
EXEC DATE: 2025-04-12 08:29:00.021044

Opened Socket at 127.0.0.1:28473
Now opened socket with capacity of 1 concurrent connection.
Connected with a target. Awaiting instructions...
Stopped by communication interface. Shutting down waitress...
Successful.



------------------------------
EXEC DATE: 2025-04-12 10:30:58.546651

Opened Socket at 127.0.0.1:28473
Now opened socket with capacity of 1 concurrent connection.
Connected with a target. Awaiting instructions...
Stopped by communication interface. Shutting down waitress...
Successful.



------------------------------
EXEC DATE: 2025-04-12 10:32:49.776199

WARNING:waitress.queue:Task queue depth is 1



------------------------------
EXEC DATE: 2025-04-12 10:32:49.538094

Opened Socket at 127.0.0.1:28473
Now opened socket with capacity of 1 concurrent connection.
Connected with a target. Awaiting instructions...
Stopped by communication interface. Shutting down waitress...
Successful.



------------------------------
EXEC DATE: 2025-04-16 17:15:45.636376

WARNING:waitress.queue:Task queue depth is 1
WARNING:waitress.queue:Task queue depth is 1
WARNING:waitress.queue:Task queue depth is 1
WARNING:waitress.queue:Task queue depth is 2
WARNING:waitress.queue:Task queue depth is 1
WARNING:waitress.queue:Task queue depth is 1
WARNING:waitress.queue:Task queue depth is 2
WARNING:waitress.queue:Task queue depth is 1
WARNING:waitress.queue:Task queue depth is 1
WARNING:waitress.queue:Task queue depth is 1
WARNING:waitress.queue:Task queue depth is 1
WARNING:waitress.queue:Task queue depth is 1
WARNING:waitress.queue:Task queue depth is 2
WARNING:waitress.queue:Task queue depth is 1
WARNING:waitress.queue:Task queue depth is 1



------------------------------
EXEC DATE: 2025-04-16 20:37:31.852590

Opened Socket at 127.0.0.1:28473
Now opened socket with capacity of 1 concurrent connection.
Connected with a target. Awaiting instructions...
Stopped by communication interface. Shutting down waitress...
Successful.



------------------------------
EXEC DATE: 2025-04-16 21:06:48.434489

Opened Socket at 127.0.0.1:28473
Now opened socket with capacity of 1 concurrent connection.
Connected with a target. Awaiting instructions...
Stopped by communication interface. Shutting down waitress...
Successful.
